<?xml version="1.0" encoding="UTF-8" ?>
<testsuite tests="1" failures="0" name="auction.service.FurnitureAndPaintingTest" time="7.922" errors="1" skipped="0">
  <properties>
[...]
</properties>
  <testcase classname="auction.service.FurnitureAndPaintingTest" name="newFurniture" time="6.504">
    <error message="Exception [EclipseLink-4002] (Eclipse Persistence Services - 2.5.2.v20140319-9ad6abd): org.eclipse.persistence.exceptions.DatabaseException
Internal Exception: java.sql.SQLSyntaxErrorException: Unknown column &apos;MATERIAL&apos; in &apos;field list&apos;
Error Code: 1054
Call: INSERT INTO ITEM (ID, DESCRIPTION, MATERIAL, category_description, SELLER_ID, DTYPE) VALUES (?, ?, ?, ?, ?, ?)
	bind =&gt; [601, broodkast, ijzer, cat2, 602, Furniture]
Query: InsertObjectQuery(auction.domain.Furniture@685f5d0d)" type="javax.persistence.RollbackException">javax.persistence.RollbackException: Exception [EclipseLink-4002] (Eclipse Persistence Services - 2.5.2.v20140319-9ad6abd): org.eclipse.persistence.exceptions.DatabaseException
Internal Exception: java.sql.SQLSyntaxErrorException: Unknown column &apos;MATERIAL&apos; in &apos;field list&apos;
Error Code: 1054
Call: INSERT INTO ITEM (ID, DESCRIPTION, MATERIAL, category_description, SELLER_ID, DTYPE) VALUES (?, ?, ?, ?, ?, ?)
	bind =&gt; [601, broodkast, ijzer, cat2, 602, Furniture]
Query: InsertObjectQuery(auction.domain.Furniture@685f5d0d)
	at org.eclipse.persistence.internal.jpa.transaction.EntityTransactionImpl.commit(EntityTransactionImpl.java:157)
	at auction.dao.ItemDAOJPAImpl.create(ItemDAOJPAImpl.java:41)
	at auction.service.SellerMgr.offerFurniture(SellerMgr.java:57)
	at auction.service.FurnitureAndPaintingTest.newFurniture(FurnitureAndPaintingTest.java:42)
	at sun.reflect.NativeMethodAccessorImpl.invoke0(Native Method)
	at sun.reflect.NativeMethodAccessorImpl.invoke(NativeMethodAccessorImpl.java:62)
	at sun.reflect.DelegatingMethodAccessorImpl.invoke(DelegatingMethodAccessorImpl.java:43)
	at java.lang.reflect.Method.invoke(Method.java:498)
	at org.junit.runners.model.FrameworkMethod$1.runReflectiveCall(FrameworkMethod.java:50)
	at org.junit.internal.runners.model.ReflectiveCallable.run(ReflectiveCallable.java:12)
	at org.junit.runners.model.FrameworkMethod.invokeExplosively(FrameworkMethod.java:47)
	at org.junit.internal.runners.statements.InvokeMethod.evaluate(InvokeMethod.java:17)
	at org.junit.internal.runners.statements.RunBefores.evaluate(RunBefores.java:26)
	at org.junit.runners.ParentRunner.runLeaf(ParentRunner.java:325)
	at org.junit.runners.BlockJUnit4ClassRunner.runChild(BlockJUnit4ClassRunner.java:78)
	at org.junit.runners.BlockJUnit4ClassRunner.runChild(BlockJUnit4ClassRunner.java:57)
	at org.junit.runners.ParentRunner$3.run(ParentRunner.java:290)
	at org.junit.runners.ParentRunner$1.schedule(ParentRunner.java:71)
	at org.junit.runners.ParentRunner.runChildren(ParentRunner.java:288)
	at org.junit.runners.ParentRunner.access$000(ParentRunner.java:58)
	at org.junit.runners.ParentRunner$2.evaluate(ParentRunner.java:268)
	at org.junit.runners.ParentRunner.run(ParentRunner.java:363)
	at org.apache.maven.surefire.junit4.JUnit4TestSet.execute(JUnit4TestSet.java:53)
	at org.apache.maven.surefire.junit4.JUnit4Provider.executeTestSet(JUnit4Provider.java:123)
	at org.apache.maven.surefire.junit4.JUnit4Provider.invoke(JUnit4Provider.java:104)
	at sun.reflect.NativeMethodAccessorImpl.invoke0(Native Method)
	at sun.reflect.NativeMethodAccessorImpl.invoke(NativeMethodAccessorImpl.java:62)
	at sun.reflect.DelegatingMethodAccessorImpl.invoke(DelegatingMethodAccessorImpl.java:43)
	at java.lang.reflect.Method.invoke(Method.java:498)
	at org.apache.maven.surefire.util.ReflectionUtils.invokeMethodWithArray(ReflectionUtils.java:164)
	at org.apache.maven.surefire.booter.ProviderFactory$ProviderProxy.invoke(ProviderFactory.java:110)
	at org.apache.maven.surefire.booter.SurefireStarter.invokeProvider(SurefireStarter.java:175)
	at org.apache.maven.surefire.booter.SurefireStarter.runSuitesInProcessWhenForked(SurefireStarter.java:107)
	at org.apache.maven.surefire.booter.ForkedBooter.main(ForkedBooter.java:68)
Caused by: Exception [EclipseLink-4002] (Eclipse Persistence Services - 2.5.2.v20140319-9ad6abd): org.eclipse.persistence.exceptions.DatabaseException
Internal Exception: java.sql.SQLSyntaxErrorException: Unknown column &apos;MATERIAL&apos; in &apos;field list&apos;
Error Code: 1054
Call: INSERT INTO ITEM (ID, DESCRIPTION, MATERIAL, category_description, SELLER_ID, DTYPE) VALUES (?, ?, ?, ?, ?, ?)
	bind =&gt; [601, broodkast, ijzer, cat2, 602, Furniture]
Query: InsertObjectQuery(auction.domain.Furniture@685f5d0d)
	at org.eclipse.persistence.exceptions.DatabaseException.sqlException(DatabaseException.java:331)
	at org.eclipse.persistence.internal.databaseaccess.DatabaseAccessor.executeDirectNoSelect(DatabaseAccessor.java:900)
	at org.eclipse.persistence.internal.databaseaccess.DatabaseAccessor.executeNoSelect(DatabaseAccessor.java:962)
	at org.eclipse.persistence.internal.databaseaccess.DatabaseAccessor.basicExecuteCall(DatabaseAccessor.java:631)
	at org.eclipse.persistence.internal.databaseaccess.DatabaseAccessor.executeCall(DatabaseAccessor.java:558)
	at org.eclipse.persistence.internal.sessions.AbstractSession.basicExecuteCall(AbstractSession.java:2002)
	at org.eclipse.persistence.sessions.server.ClientSession.executeCall(ClientSession.java:298)
	at org.eclipse.persistence.internal.queries.DatasourceCallQueryMechanism.executeCall(DatasourceCallQueryMechanism.java:242)
	at org.eclipse.persistence.internal.queries.DatasourceCallQueryMechanism.executeCall(DatasourceCallQueryMechanism.java:228)
	at org.eclipse.persistence.internal.queries.DatasourceCallQueryMechanism.insertObject(DatasourceCallQueryMechanism.java:377)
	at org.eclipse.persistence.internal.queries.StatementQueryMechanism.insertObject(StatementQueryMechanism.java:165)
	at org.eclipse.persistence.internal.queries.StatementQueryMechanism.insertObject(StatementQueryMechanism.java:180)
	at org.eclipse.persistence.internal.queries.DatabaseQueryMechanism.insertObjectForWrite(DatabaseQueryMechanism.java:489)
	at org.eclipse.persistence.queries.InsertObjectQuery.executeCommit(InsertObjectQuery.java:80)
	at org.eclipse.persistence.queries.InsertObjectQuery.executeCommitWithChangeSet(InsertObjectQuery.java:90)
	at org.eclipse.persistence.internal.queries.DatabaseQueryMechanism.executeWriteWithChangeSet(DatabaseQueryMechanism.java:301)
	at org.eclipse.persistence.queries.WriteObjectQuery.executeDatabaseQuery(WriteObjectQuery.java:58)
	at org.eclipse.persistence.queries.DatabaseQuery.execute(DatabaseQuery.java:899)
	at org.eclipse.persistence.queries.DatabaseQuery.executeInUnitOfWork(DatabaseQuery.java:798)
	at org.eclipse.persistence.queries.ObjectLevelModifyQuery.executeInUnitOfWorkObjectLevelModifyQuery(ObjectLevelModifyQuery.java:108)
	at org.eclipse.persistence.queries.ObjectLevelModifyQuery.executeInUnitOfWork(ObjectLevelModifyQuery.java:85)
	at org.eclipse.persistence.internal.sessions.UnitOfWorkImpl.internalExecuteQuery(UnitOfWorkImpl.java:2896)
	at org.eclipse.persistence.internal.sessions.AbstractSession.executeQuery(AbstractSession.java:1804)
	at org.eclipse.persistence.internal.sessions.AbstractSession.executeQuery(AbstractSession.java:1786)
	at org.eclipse.persistence.internal.sessions.AbstractSession.executeQuery(AbstractSession.java:1737)
	at org.eclipse.persistence.internal.sessions.CommitManager.commitNewObjectsForClassWithChangeSet(CommitManager.java:226)
	at org.eclipse.persistence.internal.sessions.CommitManager.commitAllObjectsForClassWithChangeSet(CommitManager.java:193)
	at org.eclipse.persistence.internal.sessions.CommitManager.commitAllObjectsWithChangeSet(CommitManager.java:138)
	at org.eclipse.persistence.internal.sessions.AbstractSession.writeAllObjectsWithChangeSet(AbstractSession.java:4207)
	at org.eclipse.persistence.internal.sessions.UnitOfWorkImpl.commitToDatabase(UnitOfWorkImpl.java:1441)
	at org.eclipse.persistence.internal.sessions.UnitOfWorkImpl.commitToDatabaseWithChangeSet(UnitOfWorkImpl.java:1531)
	at org.eclipse.persistence.internal.sessions.RepeatableWriteUnitOfWork.commitRootUnitOfWork(RepeatableWriteUnitOfWork.java:277)
	at org.eclipse.persistence.internal.sessions.UnitOfWorkImpl.commitAndResume(UnitOfWorkImpl.java:1169)
	at org.eclipse.persistence.internal.jpa.transaction.EntityTransactionImpl.commit(EntityTransactionImpl.java:132)
	... 33 more
Caused by: java.sql.SQLSyntaxErrorException: Unknown column &apos;MATERIAL&apos; in &apos;field list&apos;
	at com.mysql.cj.jdbc.exceptions.SQLError.createSQLException(SQLError.java:536)
	at com.mysql.cj.jdbc.exceptions.SQLError.createSQLException(SQLError.java:513)
	at com.mysql.cj.jdbc.exceptions.SQLExceptionsMapping.translateException(SQLExceptionsMapping.java:115)
	at com.mysql.cj.jdbc.ConnectionImpl.execSQL(ConnectionImpl.java:1983)
	at com.mysql.cj.jdbc.PreparedStatement.executeInternal(PreparedStatement.java:1826)
	at com.mysql.cj.jdbc.PreparedStatement.executeUpdateInternal(PreparedStatement.java:2034)
	at com.mysql.cj.jdbc.PreparedStatement.executeUpdateInternal(PreparedStatement.java:1970)
	at com.mysql.cj.jdbc.PreparedStatement.executeLargeUpdate(PreparedStatement.java:5001)
	at com.mysql.cj.jdbc.PreparedStatement.executeUpdate(PreparedStatement.java:1955)
	at org.eclipse.persistence.internal.databaseaccess.DatabaseAccessor.executeDirectNoSelect(DatabaseAccessor.java:890)
	... 65 more
</error>
    <system-out>[EL Config]: metadata: 2017-05-30 08:04:35.799--ServerSession(940584193)--Thread(Thread[main,5,main])--The access type for the persistent class [class auction.domain.Bid] is set to [FIELD].
[EL Config]: metadata: 2017-05-30 08:04:35.83--ServerSession(940584193)--Thread(Thread[main,5,main])--The target entity (reference) class for the one to one mapping element [field bettedItem] is being defaulted to: class auction.domain.Item.
[EL Config]: metadata: 2017-05-30 08:04:35.83--ServerSession(940584193)--Thread(Thread[main,5,main])--The target entity (reference) class for the one to one mapping element [field buyer] is being defaulted to: class auction.domain.User.
[EL Config]: metadata: 2017-05-30 08:04:35.83--ServerSession(940584193)--Thread(Thread[main,5,main])--The access type for the persistent class [class auction.domain.Item] is set to [FIELD].
[EL Config]: metadata: 2017-05-30 08:04:35.83--ServerSession(940584193)--Thread(Thread[main,5,main])--The target entity (reference) class for the many to one mapping element [field seller] is being defaulted to: class auction.domain.User.
[EL Config]: metadata: 2017-05-30 08:04:35.83--ServerSession(940584193)--Thread(Thread[main,5,main])--The target entity (reference) class for the one to one mapping element [field highest] is being defaulted to: class auction.domain.Bid.
[EL Config]: metadata: 2017-05-30 08:04:35.83--ServerSession(940584193)--Thread(Thread[main,5,main])--The access type for the persistent class [class auction.domain.User] is set to [FIELD].
[EL Config]: metadata: 2017-05-30 08:04:35.83--ServerSession(940584193)--Thread(Thread[main,5,main])--The target entity (reference) class for the one to many mapping element [field offeredItems] is being defaulted to: class auction.domain.Item.
[EL Config]: metadata: 2017-05-30 08:04:35.83--ServerSession(940584193)--Thread(Thread[main,5,main])--The access type for the persistent class [class auction.domain.Painting] is set to [FIELD].
[EL Config]: metadata: 2017-05-30 08:04:35.83--ServerSession(940584193)--Thread(Thread[main,5,main])--The access type for the persistent class [class auction.domain.Furniture] is set to [FIELD].
[EL Config]: metadata: 2017-05-30 08:04:35.83--ServerSession(940584193)--Thread(Thread[main,5,main])--The access type for the persistent class [class nl.fontys.util.Money] is set to [FIELD].
[EL Config]: metadata: 2017-05-30 08:04:35.83--ServerSession(940584193)--Thread(Thread[main,5,main])--The access type for the persistent class [class nl.fontys.util.FontysTime] is set to [FIELD].
[EL Config]: metadata: 2017-05-30 08:04:35.83--ServerSession(940584193)--Thread(Thread[main,5,main])--The access type for the persistent class [class auction.domain.Category] is set to [FIELD].
[EL Config]: metadata: 2017-05-30 08:04:35.83--ServerSession(940584193)--Thread(Thread[main,5,main])--The alias name for the entity class [class auction.domain.Bid] is being defaulted to: Bid.
[EL Config]: metadata: 2017-05-30 08:04:35.846--ServerSession(940584193)--Thread(Thread[main,5,main])--The table name for entity [class auction.domain.Bid] is being defaulted to: BID.
[EL Config]: metadata: 2017-05-30 08:04:35.846--ServerSession(940584193)--Thread(Thread[main,5,main])--The column name for element [cents] is being defaulted to: CENTS.
[EL Config]: metadata: 2017-05-30 08:04:35.846--ServerSession(940584193)--Thread(Thread[main,5,main])--The column name for element [currency] is being defaulted to: CURRENCY.
[EL Config]: metadata: 2017-05-30 08:04:35.862--ServerSession(940584193)--Thread(Thread[main,5,main])--The column name for element [id] is being defaulted to: ID.
[EL Config]: metadata: 2017-05-30 08:04:35.862--ServerSession(940584193)--Thread(Thread[main,5,main])--The column name for element [seconds] is being defaulted to: SECONDS.
[EL Config]: metadata: 2017-05-30 08:04:35.863--ServerSession(940584193)--Thread(Thread[main,5,main])--The alias name for the entity class [class auction.domain.Item] is being defaulted to: Item.
[EL Config]: metadata: 2017-05-30 08:04:35.863--ServerSession(940584193)--Thread(Thread[main,5,main])--The table name for entity [class auction.domain.Item] is being defaulted to: ITEM.
[EL Config]: metadata: 2017-05-30 08:04:35.865--ServerSession(940584193)--Thread(Thread[main,5,main])--The discriminator column name for the root inheritance class [auction.domain.Item] is being defaulted to: DTYPE.
[EL Config]: metadata: 2017-05-30 08:04:35.866--ServerSession(940584193)--Thread(Thread[main,5,main])--The column name for element [description] is being defaulted to: DESCRIPTION.
[EL Config]: metadata: 2017-05-30 08:04:35.867--ServerSession(940584193)--Thread(Thread[main,5,main])--The column name for element [id] is being defaulted to: ID.
[EL Config]: metadata: 2017-05-30 08:04:35.867--ServerSession(940584193)--Thread(Thread[main,5,main])--The column name for element [description] is being defaulted to: DESCRIPTION.
[EL Config]: metadata: 2017-05-30 08:04:35.867--ServerSession(940584193)--Thread(Thread[main,5,main])--The alias name for the entity class [class auction.domain.User] is being defaulted to: User.
[EL Config]: metadata: 2017-05-30 08:04:35.867--ServerSession(940584193)--Thread(Thread[main,5,main])--The table name for entity [class auction.domain.User] is being defaulted to: USER.
[EL Config]: metadata: 2017-05-30 08:04:35.868--ServerSession(940584193)--Thread(Thread[main,5,main])--The column name for element [id] is being defaulted to: ID.
[EL Config]: metadata: 2017-05-30 08:04:35.868--ServerSession(940584193)--Thread(Thread[main,5,main])--The column name for element [email] is being defaulted to: EMAIL.
[EL Config]: metadata: 2017-05-30 08:04:35.868--ServerSession(940584193)--Thread(Thread[main,5,main])--The alias name for the entity class [class auction.domain.Painting] is being defaulted to: Painting.
[EL Config]: metadata: 2017-05-30 08:04:35.868--ServerSession(940584193)--Thread(Thread[main,5,main])--The column name for element [painter] is being defaulted to: PAINTER.
[EL Config]: metadata: 2017-05-30 08:04:35.868--ServerSession(940584193)--Thread(Thread[main,5,main])--The column name for element [title] is being defaulted to: TITLE.
[EL Config]: metadata: 2017-05-30 08:04:35.868--ServerSession(940584193)--Thread(Thread[main,5,main])--The alias name for the entity class [class auction.domain.Furniture] is being defaulted to: Furniture.
[EL Config]: metadata: 2017-05-30 08:04:35.868--ServerSession(940584193)--Thread(Thread[main,5,main])--The column name for element [material] is being defaulted to: MATERIAL.
[EL Config]: metadata: 2017-05-30 08:04:35.868--ServerSession(940584193)--Thread(Thread[main,5,main])--The primary key column name for the mapping element [field bettedItem] is being defaulted to: ID.
[EL Config]: metadata: 2017-05-30 08:04:35.868--ServerSession(940584193)--Thread(Thread[main,5,main])--The foreign key column name for the mapping element [bettedItem] is being defaulted to: BETTEDITEM_ID.
[EL Config]: metadata: 2017-05-30 08:04:35.868--ServerSession(940584193)--Thread(Thread[main,5,main])--The primary key column name for the mapping element [field buyer] is being defaulted to: ID.
[EL Config]: metadata: 2017-05-30 08:04:35.868--ServerSession(940584193)--Thread(Thread[main,5,main])--The foreign key column name for the mapping element [buyer] is being defaulted to: BUYER_ID.
[EL Config]: metadata: 2017-05-30 08:04:35.868--ServerSession(940584193)--Thread(Thread[main,5,main])--The primary key column name for the mapping element [field seller] is being defaulted to: ID.
[EL Config]: metadata: 2017-05-30 08:04:35.868--ServerSession(940584193)--Thread(Thread[main,5,main])--The foreign key column name for the mapping element [seller] is being defaulted to: SELLER_ID.
[EL Info]: 2017-05-30 08:04:36.385--ServerSession(940584193)--Thread(Thread[main,5,main])--EclipseLink, version: Eclipse Persistence Services - 2.5.2.v20140319-9ad6abd
[EL Fine]: connection: 2017-05-30 08:04:36.601--Thread(Thread[main,5,main])--Detected database platform: org.eclipse.persistence.platform.database.MySQLPlatform
[EL Config]: connection: 2017-05-30 08:04:36.648--ServerSession(940584193)--Connection(1933471223)--Thread(Thread[main,5,main])--connecting(DatabaseLogin(
	platform=&gt;MySQLPlatform
	user name=&gt; &quot;fontys&quot;
	datasource URL=&gt; &quot;jdbc:mysql://localhost:3306/fontys?serverTimezone=UTC&quot;
))
[EL Config]: connection: 2017-05-30 08:04:36.648--ServerSession(940584193)--Connection(1319463899)--Thread(Thread[main,5,main])--Connected: jdbc:mysql://localhost:3306/fontys?serverTimezone=UTC
	User: fontys@localhost
	Database: MySQL  Version: 5.7.18-log
	Driver: MySQL Connector Java  Version: mysql-connector-java-6.0.6 ( Revision: 3dab84f4d9bede3cdd14d57b99e9e98a02a5b97d )
[EL Info]: connection: 2017-05-30 08:04:36.732--ServerSession(940584193)--Thread(Thread[main,5,main])--file:/H:/School/S4/Software/P2/SE42/Week 4/Week4Opdracht2/auction-week2/target/classes/_nl.fhict.se42_auction_jar_1.0-SNAPSHOTPU login successful
[EL Fine]: sql: 2017-05-30 08:04:36.77--ServerSession(940584193)--Connection(1319463899)--Thread(Thread[main,5,main])--SELECT * FROM SEQUENCE WHERE SEQ_NAME = SEQ_GEN
[EL Fine]: sql: 2017-05-30 08:04:42.989--ClientSession(976949492)--Connection(1319463899)--Thread(Thread[main,5,main])--UPDATE SEQUENCE SET SEQ_COUNT = SEQ_COUNT + ? WHERE SEQ_NAME = ?
	bind =&gt; [50, SEQ_GEN]
[EL Fine]: sql: 2017-05-30 08:04:43.005--ClientSession(976949492)--Connection(1319463899)--Thread(Thread[main,5,main])--SELECT SEQ_COUNT FROM SEQUENCE WHERE SEQ_NAME = ?
	bind =&gt; [SEQ_GEN]
[EL Fine]: sql: 2017-05-30 08:04:43.069--ClientSession(976949492)--Connection(1319463899)--Thread(Thread[main,5,main])--INSERT INTO USER (ID, EMAIL) VALUES (?, ?)
	bind =&gt; [602, iemand1@def]
[EL Fine]: sql: 2017-05-30 08:04:43.089--ClientSession(976949492)--Connection(1319463899)--Thread(Thread[main,5,main])--INSERT INTO ITEM (ID, DESCRIPTION, MATERIAL, category_description, SELLER_ID, DTYPE) VALUES (?, ?, ?, ?, ?, ?)
	bind =&gt; [601, broodkast, ijzer, cat2, 602, Furniture]
[EL Fine]: sql: 2017-05-30 08:04:43.205--ClientSession(976949492)--Thread(Thread[main,5,main])--SELECT 1
[EL Warning]: 2017-05-30 08:04:43.205--UnitOfWork(1968751179)--Thread(Thread[main,5,main])--Exception [EclipseLink-4002] (Eclipse Persistence Services - 2.5.2.v20140319-9ad6abd): org.eclipse.persistence.exceptions.DatabaseException
Internal Exception: java.sql.SQLSyntaxErrorException: Unknown column &apos;MATERIAL&apos; in &apos;field list&apos;
Error Code: 1054
Call: INSERT INTO ITEM (ID, DESCRIPTION, MATERIAL, category_description, SELLER_ID, DTYPE) VALUES (?, ?, ?, ?, ?, ?)
	bind =&gt; [601, broodkast, ijzer, cat2, 602, Furniture]
Query: InsertObjectQuery(auction.domain.Furniture@685f5d0d)
</system-out>
    <system-err>Loading class `com.mysql.jdbc.Driver&apos;. This is deprecated. The new driver class is `com.mysql.cj.jdbc.Driver&apos;. The driver is automatically registered via the SPI and manual loading of the driver class is generally unnecessary.
Tue May 30 08:04:36 CEST 2017 WARN: Establishing SSL connection without server&apos;s identity verification is not recommended. According to MySQL 5.5.45+, 5.6.26+ and 5.7.6+ requirements SSL connection must be established by default if explicit option isn&apos;t set. For compliance with existing applications not using SSL the verifyServerCertificate property is set to &apos;false&apos;. You need either to explicitly disable SSL by setting useSSL=false, or set useSSL=true and provide truststore for server certificate verification.
Tue May 30 08:04:36 CEST 2017 WARN: Establishing SSL connection without server&apos;s identity verification is not recommended. According to MySQL 5.5.45+, 5.6.26+ and 5.7.6+ requirements SSL connection must be established by default if explicit option isn&apos;t set. For compliance with existing applications not using SSL the verifyServerCertificate property is set to &apos;false&apos;. You need either to explicitly disable SSL by setting useSSL=false, or set useSSL=true and provide truststore for server certificate verification.
</system-err>
  </testcase>
</testsuite>