<?xml version="1.0" encoding="UTF-8" ?>
<testsuite tests="2" failures="0" name="auction.service.ItemFromSellerTest" time="2.232" errors="2" skipped="0">
  <properties>
[...]
</properties>
  <testcase classname="auction.service.ItemFromSellerTest" name="numberOfOfferdItems" time="0.094">
    <error type="java.lang.NullPointerException">java.lang.NullPointerException
	at auction.domain.User.numberOfOfferdItems(User.java:88)
	at auction.service.ItemFromSellerTest.numberOfOfferdItems(ItemFromSellerTest.java:46)
	at sun.reflect.NativeMethodAccessorImpl.invoke0(Native Method)
	at sun.reflect.NativeMethodAccessorImpl.invoke(NativeMethodAccessorImpl.java:62)
	at sun.reflect.DelegatingMethodAccessorImpl.invoke(DelegatingMethodAccessorImpl.java:43)
	at java.lang.reflect.Method.invoke(Method.java:498)
	at org.junit.runners.model.FrameworkMethod$1.runReflectiveCall(FrameworkMethod.java:50)
	at org.junit.internal.runners.model.ReflectiveCallable.run(ReflectiveCallable.java:12)
	at org.junit.runners.model.FrameworkMethod.invokeExplosively(FrameworkMethod.java:47)
	at org.junit.internal.runners.statements.InvokeMethod.evaluate(InvokeMethod.java:17)
	at org.junit.internal.runners.statements.RunBefores.evaluate(RunBefores.java:26)
	at org.junit.runners.ParentRunner.runLeaf(ParentRunner.java:325)
	at org.junit.runners.BlockJUnit4ClassRunner.runChild(BlockJUnit4ClassRunner.java:78)
	at org.junit.runners.BlockJUnit4ClassRunner.runChild(BlockJUnit4ClassRunner.java:57)
	at org.junit.runners.ParentRunner$3.run(ParentRunner.java:290)
	at org.junit.runners.ParentRunner$1.schedule(ParentRunner.java:71)
	at org.junit.runners.ParentRunner.runChildren(ParentRunner.java:288)
	at org.junit.runners.ParentRunner.access$000(ParentRunner.java:58)
	at org.junit.runners.ParentRunner$2.evaluate(ParentRunner.java:268)
	at org.junit.runners.ParentRunner.run(ParentRunner.java:363)
	at org.apache.maven.surefire.junit4.JUnit4TestSet.execute(JUnit4TestSet.java:53)
	at org.apache.maven.surefire.junit4.JUnit4Provider.executeTestSet(JUnit4Provider.java:123)
	at org.apache.maven.surefire.junit4.JUnit4Provider.invoke(JUnit4Provider.java:104)
	at sun.reflect.NativeMethodAccessorImpl.invoke0(Native Method)
	at sun.reflect.NativeMethodAccessorImpl.invoke(NativeMethodAccessorImpl.java:62)
	at sun.reflect.DelegatingMethodAccessorImpl.invoke(DelegatingMethodAccessorImpl.java:43)
	at java.lang.reflect.Method.invoke(Method.java:498)
	at org.apache.maven.surefire.util.ReflectionUtils.invokeMethodWithArray(ReflectionUtils.java:164)
	at org.apache.maven.surefire.booter.ProviderFactory$ProviderProxy.invoke(ProviderFactory.java:110)
	at org.apache.maven.surefire.booter.SurefireStarter.invokeProvider(SurefireStarter.java:175)
	at org.apache.maven.surefire.booter.SurefireStarter.runSuitesInProcessWhenForked(SurefireStarter.java:107)
	at org.apache.maven.surefire.booter.ForkedBooter.main(ForkedBooter.java:68)
</error>
    <system-out>[EL Config]: metadata: 2017-05-30 10:28:19.211--ServerSession(246399377)--Thread(Thread[main,5,main])--The access type for the persistent class [class auction.domain.Bid] is set to [FIELD].
[EL Config]: metadata: 2017-05-30 10:28:19.227--ServerSession(246399377)--Thread(Thread[main,5,main])--The target entity (reference) class for the one to one mapping element [field bettedItem] is being defaulted to: class auction.domain.Item.
[EL Config]: metadata: 2017-05-30 10:28:19.242--ServerSession(246399377)--Thread(Thread[main,5,main])--The target entity (reference) class for the one to one mapping element [field buyer] is being defaulted to: class auction.domain.User.
[EL Config]: metadata: 2017-05-30 10:28:19.242--ServerSession(246399377)--Thread(Thread[main,5,main])--The access type for the persistent class [class auction.domain.Item] is set to [FIELD].
[EL Config]: metadata: 2017-05-30 10:28:19.242--ServerSession(246399377)--Thread(Thread[main,5,main])--The target entity (reference) class for the many to one mapping element [field seller] is being defaulted to: class auction.domain.User.
[EL Config]: metadata: 2017-05-30 10:28:19.242--ServerSession(246399377)--Thread(Thread[main,5,main])--The target entity (reference) class for the one to one mapping element [field highest] is being defaulted to: class auction.domain.Bid.
[EL Config]: metadata: 2017-05-30 10:28:19.242--ServerSession(246399377)--Thread(Thread[main,5,main])--The access type for the persistent class [class auction.domain.User] is set to [FIELD].
[EL Config]: metadata: 2017-05-30 10:28:19.242--ServerSession(246399377)--Thread(Thread[main,5,main])--The target entity (reference) class for the one to many mapping element [field offeredItems] is being defaulted to: class auction.domain.Item.
[EL Config]: metadata: 2017-05-30 10:28:19.242--ServerSession(246399377)--Thread(Thread[main,5,main])--The access type for the persistent class [class auction.domain.Painting] is set to [FIELD].
[EL Config]: metadata: 2017-05-30 10:28:19.242--ServerSession(246399377)--Thread(Thread[main,5,main])--The access type for the persistent class [class auction.domain.Furniture] is set to [FIELD].
[EL Config]: metadata: 2017-05-30 10:28:19.242--ServerSession(246399377)--Thread(Thread[main,5,main])--The access type for the persistent class [class nl.fontys.util.Money] is set to [FIELD].
[EL Config]: metadata: 2017-05-30 10:28:19.242--ServerSession(246399377)--Thread(Thread[main,5,main])--The access type for the persistent class [class nl.fontys.util.FontysTime] is set to [FIELD].
[EL Config]: metadata: 2017-05-30 10:28:19.242--ServerSession(246399377)--Thread(Thread[main,5,main])--The access type for the persistent class [class auction.domain.Category] is set to [FIELD].
[EL Config]: metadata: 2017-05-30 10:28:19.242--ServerSession(246399377)--Thread(Thread[main,5,main])--The alias name for the entity class [class auction.domain.Bid] is being defaulted to: Bid.
[EL Config]: metadata: 2017-05-30 10:28:19.258--ServerSession(246399377)--Thread(Thread[main,5,main])--The table name for entity [class auction.domain.Bid] is being defaulted to: BID.
[EL Config]: metadata: 2017-05-30 10:28:19.258--ServerSession(246399377)--Thread(Thread[main,5,main])--The column name for element [cents] is being defaulted to: CENTS.
[EL Config]: metadata: 2017-05-30 10:28:19.273--ServerSession(246399377)--Thread(Thread[main,5,main])--The column name for element [currency] is being defaulted to: CURRENCY.
[EL Config]: metadata: 2017-05-30 10:28:19.273--ServerSession(246399377)--Thread(Thread[main,5,main])--The column name for element [id] is being defaulted to: ID.
[EL Config]: metadata: 2017-05-30 10:28:19.273--ServerSession(246399377)--Thread(Thread[main,5,main])--The column name for element [seconds] is being defaulted to: SECONDS.
[EL Config]: metadata: 2017-05-30 10:28:19.273--ServerSession(246399377)--Thread(Thread[main,5,main])--The alias name for the entity class [class auction.domain.Item] is being defaulted to: Item.
[EL Config]: metadata: 2017-05-30 10:28:19.273--ServerSession(246399377)--Thread(Thread[main,5,main])--The table name for entity [class auction.domain.Item] is being defaulted to: ITEM.
[EL Config]: metadata: 2017-05-30 10:28:19.273--ServerSession(246399377)--Thread(Thread[main,5,main])--The discriminator column name for the root inheritance class [auction.domain.Item] is being defaulted to: DTYPE.
[EL Config]: metadata: 2017-05-30 10:28:19.273--ServerSession(246399377)--Thread(Thread[main,5,main])--The column name for element [description] is being defaulted to: DESCRIPTION.
[EL Config]: metadata: 2017-05-30 10:28:19.273--ServerSession(246399377)--Thread(Thread[main,5,main])--The column name for element [id] is being defaulted to: ID.
[EL Config]: metadata: 2017-05-30 10:28:19.273--ServerSession(246399377)--Thread(Thread[main,5,main])--The column name for element [description] is being defaulted to: DESCRIPTION.
[EL Config]: metadata: 2017-05-30 10:28:19.273--ServerSession(246399377)--Thread(Thread[main,5,main])--The alias name for the entity class [class auction.domain.User] is being defaulted to: User.
[EL Config]: metadata: 2017-05-30 10:28:19.273--ServerSession(246399377)--Thread(Thread[main,5,main])--The table name for entity [class auction.domain.User] is being defaulted to: USER.
[EL Config]: metadata: 2017-05-30 10:28:19.273--ServerSession(246399377)--Thread(Thread[main,5,main])--The column name for element [id] is being defaulted to: ID.
[EL Config]: metadata: 2017-05-30 10:28:19.273--ServerSession(246399377)--Thread(Thread[main,5,main])--The column name for element [email] is being defaulted to: EMAIL.
[EL Config]: metadata: 2017-05-30 10:28:19.273--ServerSession(246399377)--Thread(Thread[main,5,main])--The alias name for the entity class [class auction.domain.Painting] is being defaulted to: Painting.
[EL Config]: metadata: 2017-05-30 10:28:19.273--ServerSession(246399377)--Thread(Thread[main,5,main])--The column name for element [painter] is being defaulted to: PAINTER.
[EL Config]: metadata: 2017-05-30 10:28:19.273--ServerSession(246399377)--Thread(Thread[main,5,main])--The column name for element [title] is being defaulted to: TITLE.
[EL Config]: metadata: 2017-05-30 10:28:19.273--ServerSession(246399377)--Thread(Thread[main,5,main])--The alias name for the entity class [class auction.domain.Furniture] is being defaulted to: Furniture.
[EL Config]: metadata: 2017-05-30 10:28:19.273--ServerSession(246399377)--Thread(Thread[main,5,main])--The column name for element [material] is being defaulted to: MATERIAL.
[EL Config]: metadata: 2017-05-30 10:28:19.289--ServerSession(246399377)--Thread(Thread[main,5,main])--The primary key column name for the mapping element [field bettedItem] is being defaulted to: ID.
[EL Config]: metadata: 2017-05-30 10:28:19.289--ServerSession(246399377)--Thread(Thread[main,5,main])--The foreign key column name for the mapping element [bettedItem] is being defaulted to: BETTEDITEM_ID.
[EL Config]: metadata: 2017-05-30 10:28:19.289--ServerSession(246399377)--Thread(Thread[main,5,main])--The primary key column name for the mapping element [field buyer] is being defaulted to: ID.
[EL Config]: metadata: 2017-05-30 10:28:19.289--ServerSession(246399377)--Thread(Thread[main,5,main])--The foreign key column name for the mapping element [buyer] is being defaulted to: BUYER_ID.
[EL Config]: metadata: 2017-05-30 10:28:19.289--ServerSession(246399377)--Thread(Thread[main,5,main])--The primary key column name for the mapping element [field seller] is being defaulted to: ID.
[EL Config]: metadata: 2017-05-30 10:28:19.289--ServerSession(246399377)--Thread(Thread[main,5,main])--The foreign key column name for the mapping element [seller] is being defaulted to: SELLER_ID.
[EL Info]: 2017-05-30 10:28:19.977--ServerSession(246399377)--Thread(Thread[main,5,main])--EclipseLink, version: Eclipse Persistence Services - 2.5.2.v20140319-9ad6abd
[EL Fine]: connection: 2017-05-30 10:28:20.271--Thread(Thread[main,5,main])--Detected database platform: org.eclipse.persistence.platform.database.MySQLPlatform
[EL Config]: connection: 2017-05-30 10:28:20.287--ServerSession(246399377)--Connection(2085813377)--Thread(Thread[main,5,main])--connecting(DatabaseLogin(
	platform=&gt;MySQLPlatform
	user name=&gt; &quot;fontys&quot;
	datasource URL=&gt; &quot;jdbc:mysql://localhost:3306/fontys?serverTimezone=UTC&quot;
))
[EL Config]: connection: 2017-05-30 10:28:20.287--ServerSession(246399377)--Connection(1977776214)--Thread(Thread[main,5,main])--Connected: jdbc:mysql://localhost:3306/fontys?serverTimezone=UTC
	User: fontys@localhost
	Database: MySQL  Version: 5.7.18-log
	Driver: MySQL Connector Java  Version: mysql-connector-java-6.0.6 ( Revision: 3dab84f4d9bede3cdd14d57b99e9e98a02a5b97d )
[EL Info]: connection: 2017-05-30 10:28:20.459--ServerSession(246399377)--Thread(Thread[main,5,main])--file:/C:/Users/Frank/Documents/School/Week4Opdracht2/auction-week2/target/classes/_nl.fhict.se42_auction_jar_1.0-SNAPSHOTPU login successful
[EL Fine]: sql: 2017-05-30 10:28:20.521--ServerSession(246399377)--Connection(1977776214)--Thread(Thread[main,5,main])--SELECT * FROM SEQUENCE WHERE SEQ_NAME = SEQ_GEN
[EL Fine]: sql: 2017-05-30 10:28:20.521--ServerSession(246399377)--Connection(1977776214)--Thread(Thread[main,5,main])--INSERT INTO SEQUENCE(SEQ_NAME, SEQ_COUNT) values (SEQ_GEN, 0)
[EL Fine]: sql: 2017-05-30 10:28:20.615--ClientSession(1690796457)--Connection(1977776214)--Thread(Thread[main,5,main])--DELETE FROM USER
</system-out>
    <system-err>Loading class `com.mysql.jdbc.Driver&apos;. This is deprecated. The new driver class is `com.mysql.cj.jdbc.Driver&apos;. The driver is automatically registered via the SPI and manual loading of the driver class is generally unnecessary.
Tue May 30 10:28:20 CEST 2017 WARN: Establishing SSL connection without server&apos;s identity verification is not recommended. According to MySQL 5.5.45+, 5.6.26+ and 5.7.6+ requirements SSL connection must be established by default if explicit option isn&apos;t set. For compliance with existing applications not using SSL the verifyServerCertificate property is set to &apos;false&apos;. You need either to explicitly disable SSL by setting useSSL=false, or set useSSL=true and provide truststore for server certificate verification.
Tue May 30 10:28:20 CEST 2017 WARN: Establishing SSL connection without server&apos;s identity verification is not recommended. According to MySQL 5.5.45+, 5.6.26+ and 5.7.6+ requirements SSL connection must be established by default if explicit option isn&apos;t set. For compliance with existing applications not using SSL the verifyServerCertificate property is set to &apos;false&apos;. You need either to explicitly disable SSL by setting useSSL=false, or set useSSL=true and provide truststore for server certificate verification.
</system-err>
  </testcase>
  <testcase classname="auction.service.ItemFromSellerTest" name="getItemsFromSeller" time="0.031">
    <error type="java.lang.NullPointerException">java.lang.NullPointerException
	at auction.domain.User.addItem(User.java:81)
	at auction.service.SellerMgr.offerItem(SellerMgr.java:25)
	at auction.service.ItemFromSellerTest.getItemsFromSeller(ItemFromSellerTest.java:98)
	at sun.reflect.NativeMethodAccessorImpl.invoke0(Native Method)
	at sun.reflect.NativeMethodAccessorImpl.invoke(NativeMethodAccessorImpl.java:62)
	at sun.reflect.DelegatingMethodAccessorImpl.invoke(DelegatingMethodAccessorImpl.java:43)
	at java.lang.reflect.Method.invoke(Method.java:498)
	at org.junit.runners.model.FrameworkMethod$1.runReflectiveCall(FrameworkMethod.java:50)
	at org.junit.internal.runners.model.ReflectiveCallable.run(ReflectiveCallable.java:12)
	at org.junit.runners.model.FrameworkMethod.invokeExplosively(FrameworkMethod.java:47)
	at org.junit.internal.runners.statements.InvokeMethod.evaluate(InvokeMethod.java:17)
	at org.junit.internal.runners.statements.RunBefores.evaluate(RunBefores.java:26)
	at org.junit.runners.ParentRunner.runLeaf(ParentRunner.java:325)
	at org.junit.runners.BlockJUnit4ClassRunner.runChild(BlockJUnit4ClassRunner.java:78)
	at org.junit.runners.BlockJUnit4ClassRunner.runChild(BlockJUnit4ClassRunner.java:57)
	at org.junit.runners.ParentRunner$3.run(ParentRunner.java:290)
	at org.junit.runners.ParentRunner$1.schedule(ParentRunner.java:71)
	at org.junit.runners.ParentRunner.runChildren(ParentRunner.java:288)
	at org.junit.runners.ParentRunner.access$000(ParentRunner.java:58)
	at org.junit.runners.ParentRunner$2.evaluate(ParentRunner.java:268)
	at org.junit.runners.ParentRunner.run(ParentRunner.java:363)
	at org.apache.maven.surefire.junit4.JUnit4TestSet.execute(JUnit4TestSet.java:53)
	at org.apache.maven.surefire.junit4.JUnit4Provider.executeTestSet(JUnit4Provider.java:123)
	at org.apache.maven.surefire.junit4.JUnit4Provider.invoke(JUnit4Provider.java:104)
	at sun.reflect.NativeMethodAccessorImpl.invoke0(Native Method)
	at sun.reflect.NativeMethodAccessorImpl.invoke(NativeMethodAccessorImpl.java:62)
	at sun.reflect.DelegatingMethodAccessorImpl.invoke(DelegatingMethodAccessorImpl.java:43)
	at java.lang.reflect.Method.invoke(Method.java:498)
	at org.apache.maven.surefire.util.ReflectionUtils.invokeMethodWithArray(ReflectionUtils.java:164)
	at org.apache.maven.surefire.booter.ProviderFactory$ProviderProxy.invoke(ProviderFactory.java:110)
	at org.apache.maven.surefire.booter.SurefireStarter.invokeProvider(SurefireStarter.java:175)
	at org.apache.maven.surefire.booter.SurefireStarter.runSuitesInProcessWhenForked(SurefireStarter.java:107)
	at org.apache.maven.surefire.booter.ForkedBooter.main(ForkedBooter.java:68)
</error>
    <system-out>[EL Fine]: sql: 2017-05-30 10:28:20.693--ClientSession(621449265)--Connection(1977776214)--Thread(Thread[main,5,main])--DELETE FROM USER
</system-out>
  </testcase>
</testsuite>