<?xml version="1.0" encoding="UTF-8" ?>
<testsuite tests="3" failures="0" name="auction.service.JPAAuctionMgrTest" time="153.396" errors="3" skipped="0">
  <properties>
[...]
</properties>
  <testcase classname="auction.service.JPAAuctionMgrTest" name="newBid" time="51.4">
    <error message="Exception [EclipseLink-4002] (Eclipse Persistence Services - 2.5.2.v20140319-9ad6abd): org.eclipse.persistence.exceptions.DatabaseException
Internal Exception: com.mysql.cj.jdbc.exceptions.MySQLTransactionRollbackException: Lock wait timeout exceeded; try restarting transaction
Error Code: 1205
Call: DELETE FROM USER
Query: DeleteAllQuery(referenceClass=User sql=&quot;DELETE FROM USER&quot;)" type="javax.persistence.PersistenceException">javax.persistence.PersistenceException: Exception [EclipseLink-4002] (Eclipse Persistence Services - 2.5.2.v20140319-9ad6abd): org.eclipse.persistence.exceptions.DatabaseException
Internal Exception: com.mysql.cj.jdbc.exceptions.MySQLTransactionRollbackException: Lock wait timeout exceeded; try restarting transaction
Error Code: 1205
Call: DELETE FROM USER
Query: DeleteAllQuery(referenceClass=User sql=&quot;DELETE FROM USER&quot;)
	at org.eclipse.persistence.internal.jpa.QueryImpl.executeUpdate(QueryImpl.java:308)
	at util.DatabaseCleaner.deleteEntities(DatabaseCleaner.java:45)
	at util.DatabaseCleaner.clean(DatabaseCleaner.java:38)
	at auction.service.JPAAuctionMgrTest.setUp(JPAAuctionMgrTest.java:29)
	at sun.reflect.NativeMethodAccessorImpl.invoke0(Native Method)
	at sun.reflect.NativeMethodAccessorImpl.invoke(NativeMethodAccessorImpl.java:62)
	at sun.reflect.DelegatingMethodAccessorImpl.invoke(DelegatingMethodAccessorImpl.java:43)
	at java.lang.reflect.Method.invoke(Method.java:498)
	at org.junit.runners.model.FrameworkMethod$1.runReflectiveCall(FrameworkMethod.java:50)
	at org.junit.internal.runners.model.ReflectiveCallable.run(ReflectiveCallable.java:12)
	at org.junit.runners.model.FrameworkMethod.invokeExplosively(FrameworkMethod.java:47)
	at org.junit.internal.runners.statements.RunBefores.evaluate(RunBefores.java:24)
	at org.junit.runners.ParentRunner.runLeaf(ParentRunner.java:325)
	at org.junit.runners.BlockJUnit4ClassRunner.runChild(BlockJUnit4ClassRunner.java:78)
	at org.junit.runners.BlockJUnit4ClassRunner.runChild(BlockJUnit4ClassRunner.java:57)
	at org.junit.runners.ParentRunner$3.run(ParentRunner.java:290)
	at org.junit.runners.ParentRunner$1.schedule(ParentRunner.java:71)
	at org.junit.runners.ParentRunner.runChildren(ParentRunner.java:288)
	at org.junit.runners.ParentRunner.access$000(ParentRunner.java:58)
	at org.junit.runners.ParentRunner$2.evaluate(ParentRunner.java:268)
	at org.junit.runners.ParentRunner.run(ParentRunner.java:363)
	at org.apache.maven.surefire.junit4.JUnit4TestSet.execute(JUnit4TestSet.java:53)
	at org.apache.maven.surefire.junit4.JUnit4Provider.executeTestSet(JUnit4Provider.java:123)
	at org.apache.maven.surefire.junit4.JUnit4Provider.invoke(JUnit4Provider.java:104)
	at sun.reflect.NativeMethodAccessorImpl.invoke0(Native Method)
	at sun.reflect.NativeMethodAccessorImpl.invoke(NativeMethodAccessorImpl.java:62)
	at sun.reflect.DelegatingMethodAccessorImpl.invoke(DelegatingMethodAccessorImpl.java:43)
	at java.lang.reflect.Method.invoke(Method.java:498)
	at org.apache.maven.surefire.util.ReflectionUtils.invokeMethodWithArray(ReflectionUtils.java:164)
	at org.apache.maven.surefire.booter.ProviderFactory$ProviderProxy.invoke(ProviderFactory.java:110)
	at org.apache.maven.surefire.booter.SurefireStarter.invokeProvider(SurefireStarter.java:175)
	at org.apache.maven.surefire.booter.SurefireStarter.runSuitesInProcessWhenForked(SurefireStarter.java:107)
	at org.apache.maven.surefire.booter.ForkedBooter.main(ForkedBooter.java:68)
Caused by: Exception [EclipseLink-4002] (Eclipse Persistence Services - 2.5.2.v20140319-9ad6abd): org.eclipse.persistence.exceptions.DatabaseException
Internal Exception: com.mysql.cj.jdbc.exceptions.MySQLTransactionRollbackException: Lock wait timeout exceeded; try restarting transaction
Error Code: 1205
Call: DELETE FROM USER
Query: DeleteAllQuery(referenceClass=User sql=&quot;DELETE FROM USER&quot;)
	at org.eclipse.persistence.exceptions.DatabaseException.sqlException(DatabaseException.java:331)
	at org.eclipse.persistence.internal.databaseaccess.DatabaseAccessor.executeDirectNoSelect(DatabaseAccessor.java:900)
	at org.eclipse.persistence.internal.databaseaccess.DatabaseAccessor.executeNoSelect(DatabaseAccessor.java:962)
	at org.eclipse.persistence.internal.databaseaccess.DatabaseAccessor.basicExecuteCall(DatabaseAccessor.java:631)
	at org.eclipse.persistence.internal.databaseaccess.DatabaseAccessor.executeCall(DatabaseAccessor.java:558)
	at org.eclipse.persistence.internal.sessions.AbstractSession.basicExecuteCall(AbstractSession.java:2002)
	at org.eclipse.persistence.sessions.server.ClientSession.executeCall(ClientSession.java:298)
	at org.eclipse.persistence.internal.queries.DatasourceCallQueryMechanism.executeCall(DatasourceCallQueryMechanism.java:242)
	at org.eclipse.persistence.internal.queries.DatasourceCallQueryMechanism.executeCall(DatasourceCallQueryMechanism.java:228)
	at org.eclipse.persistence.internal.queries.DatasourceCallQueryMechanism.deleteAll(DatasourceCallQueryMechanism.java:127)
	at org.eclipse.persistence.queries.DeleteAllQuery.executeDatabaseQuery(DeleteAllQuery.java:201)
	at org.eclipse.persistence.queries.DatabaseQuery.execute(DatabaseQuery.java:899)
	at org.eclipse.persistence.queries.DatabaseQuery.executeInUnitOfWork(DatabaseQuery.java:798)
	at org.eclipse.persistence.queries.ModifyAllQuery.executeInUnitOfWork(ModifyAllQuery.java:148)
	at org.eclipse.persistence.queries.DeleteAllQuery.executeInUnitOfWork(DeleteAllQuery.java:124)
	at org.eclipse.persistence.internal.sessions.UnitOfWorkImpl.internalExecuteQuery(UnitOfWorkImpl.java:2896)
	at org.eclipse.persistence.internal.sessions.AbstractSession.executeQuery(AbstractSession.java:1804)
	at org.eclipse.persistence.internal.sessions.AbstractSession.executeQuery(AbstractSession.java:1786)
	at org.eclipse.persistence.internal.sessions.AbstractSession.executeQuery(AbstractSession.java:1751)
	at org.eclipse.persistence.internal.jpa.QueryImpl.executeUpdate(QueryImpl.java:298)
	... 32 more
Caused by: com.mysql.cj.jdbc.exceptions.MySQLTransactionRollbackException: Lock wait timeout exceeded; try restarting transaction
	at com.mysql.cj.jdbc.exceptions.SQLError.createSQLException(SQLError.java:539)
	at com.mysql.cj.jdbc.exceptions.SQLError.createSQLException(SQLError.java:513)
	at com.mysql.cj.jdbc.exceptions.SQLExceptionsMapping.translateException(SQLExceptionsMapping.java:115)
	at com.mysql.cj.jdbc.ConnectionImpl.execSQL(ConnectionImpl.java:1983)
	at com.mysql.cj.jdbc.PreparedStatement.executeInternal(PreparedStatement.java:1826)
	at com.mysql.cj.jdbc.PreparedStatement.executeUpdateInternal(PreparedStatement.java:2034)
	at com.mysql.cj.jdbc.PreparedStatement.executeUpdateInternal(PreparedStatement.java:1970)
	at com.mysql.cj.jdbc.PreparedStatement.executeLargeUpdate(PreparedStatement.java:5001)
	at com.mysql.cj.jdbc.PreparedStatement.executeUpdate(PreparedStatement.java:1955)
	at org.eclipse.persistence.internal.databaseaccess.DatabaseAccessor.executeDirectNoSelect(DatabaseAccessor.java:890)
	... 50 more
</error>
    <system-out>[EL Config]: connection: 2017-05-30 10:00:25.158--ServerSession(1250391581)--Connection(2037343019)--Thread(Thread[main,5,main])--connecting(DatabaseLogin(
	platform=&gt;MySQLPlatform
	user name=&gt; &quot;fontys&quot;
	datasource URL=&gt; &quot;jdbc:mysql://localhost:3306/fontys?serverTimezone=UTC&quot;
))
[EL Config]: connection: 2017-05-30 10:00:25.173--ServerSession(1250391581)--Connection(1531409183)--Thread(Thread[main,5,main])--Connected: jdbc:mysql://localhost:3306/fontys?serverTimezone=UTC
	User: fontys@localhost
	Database: MySQL  Version: 5.7.18-log
	Driver: MySQL Connector Java  Version: mysql-connector-java-6.0.6 ( Revision: 3dab84f4d9bede3cdd14d57b99e9e98a02a5b97d )
[EL Fine]: sql: 2017-05-30 10:00:25.173--ClientSession(591247593)--Connection(1531409183)--Thread(Thread[main,5,main])--DELETE FROM USER
[EL Fine]: sql: 2017-05-30 10:01:16.595--ClientSession(591247593)--Thread(Thread[main,5,main])--SELECT 1
[EL Warning]: 2017-05-30 10:01:16.595--UnitOfWork(1614238)--Thread(Thread[main,5,main])--Exception [EclipseLink-4002] (Eclipse Persistence Services - 2.5.2.v20140319-9ad6abd): org.eclipse.persistence.exceptions.DatabaseException
Internal Exception: com.mysql.cj.jdbc.exceptions.MySQLTransactionRollbackException: Lock wait timeout exceeded; try restarting transaction
Error Code: 1205
Call: DELETE FROM USER
Query: DeleteAllQuery(referenceClass=User sql=&quot;DELETE FROM USER&quot;)
</system-out>
    <system-err>Tue May 30 10:00:25 CEST 2017 WARN: Establishing SSL connection without server&apos;s identity verification is not recommended. According to MySQL 5.5.45+, 5.6.26+ and 5.7.6+ requirements SSL connection must be established by default if explicit option isn&apos;t set. For compliance with existing applications not using SSL the verifyServerCertificate property is set to &apos;false&apos;. You need either to explicitly disable SSL by setting useSSL=false, or set useSSL=true and provide truststore for server certificate verification.
</system-err>
  </testcase>
  <testcase classname="auction.service.JPAAuctionMgrTest" name="getItem" time="50.519">
    <error message="Exception [EclipseLink-4002] (Eclipse Persistence Services - 2.5.2.v20140319-9ad6abd): org.eclipse.persistence.exceptions.DatabaseException
Internal Exception: com.mysql.cj.jdbc.exceptions.MySQLTransactionRollbackException: Lock wait timeout exceeded; try restarting transaction
Error Code: 1205
Call: DELETE FROM USER
Query: DeleteAllQuery(referenceClass=User sql=&quot;DELETE FROM USER&quot;)" type="javax.persistence.PersistenceException">javax.persistence.PersistenceException: Exception [EclipseLink-4002] (Eclipse Persistence Services - 2.5.2.v20140319-9ad6abd): org.eclipse.persistence.exceptions.DatabaseException
Internal Exception: com.mysql.cj.jdbc.exceptions.MySQLTransactionRollbackException: Lock wait timeout exceeded; try restarting transaction
Error Code: 1205
Call: DELETE FROM USER
Query: DeleteAllQuery(referenceClass=User sql=&quot;DELETE FROM USER&quot;)
	at org.eclipse.persistence.internal.jpa.QueryImpl.executeUpdate(QueryImpl.java:308)
	at util.DatabaseCleaner.deleteEntities(DatabaseCleaner.java:45)
	at util.DatabaseCleaner.clean(DatabaseCleaner.java:38)
	at auction.service.JPAAuctionMgrTest.setUp(JPAAuctionMgrTest.java:29)
	at sun.reflect.NativeMethodAccessorImpl.invoke0(Native Method)
	at sun.reflect.NativeMethodAccessorImpl.invoke(NativeMethodAccessorImpl.java:62)
	at sun.reflect.DelegatingMethodAccessorImpl.invoke(DelegatingMethodAccessorImpl.java:43)
	at java.lang.reflect.Method.invoke(Method.java:498)
	at org.junit.runners.model.FrameworkMethod$1.runReflectiveCall(FrameworkMethod.java:50)
	at org.junit.internal.runners.model.ReflectiveCallable.run(ReflectiveCallable.java:12)
	at org.junit.runners.model.FrameworkMethod.invokeExplosively(FrameworkMethod.java:47)
	at org.junit.internal.runners.statements.RunBefores.evaluate(RunBefores.java:24)
	at org.junit.runners.ParentRunner.runLeaf(ParentRunner.java:325)
	at org.junit.runners.BlockJUnit4ClassRunner.runChild(BlockJUnit4ClassRunner.java:78)
	at org.junit.runners.BlockJUnit4ClassRunner.runChild(BlockJUnit4ClassRunner.java:57)
	at org.junit.runners.ParentRunner$3.run(ParentRunner.java:290)
	at org.junit.runners.ParentRunner$1.schedule(ParentRunner.java:71)
	at org.junit.runners.ParentRunner.runChildren(ParentRunner.java:288)
	at org.junit.runners.ParentRunner.access$000(ParentRunner.java:58)
	at org.junit.runners.ParentRunner$2.evaluate(ParentRunner.java:268)
	at org.junit.runners.ParentRunner.run(ParentRunner.java:363)
	at org.apache.maven.surefire.junit4.JUnit4TestSet.execute(JUnit4TestSet.java:53)
	at org.apache.maven.surefire.junit4.JUnit4Provider.executeTestSet(JUnit4Provider.java:123)
	at org.apache.maven.surefire.junit4.JUnit4Provider.invoke(JUnit4Provider.java:104)
	at sun.reflect.NativeMethodAccessorImpl.invoke0(Native Method)
	at sun.reflect.NativeMethodAccessorImpl.invoke(NativeMethodAccessorImpl.java:62)
	at sun.reflect.DelegatingMethodAccessorImpl.invoke(DelegatingMethodAccessorImpl.java:43)
	at java.lang.reflect.Method.invoke(Method.java:498)
	at org.apache.maven.surefire.util.ReflectionUtils.invokeMethodWithArray(ReflectionUtils.java:164)
	at org.apache.maven.surefire.booter.ProviderFactory$ProviderProxy.invoke(ProviderFactory.java:110)
	at org.apache.maven.surefire.booter.SurefireStarter.invokeProvider(SurefireStarter.java:175)
	at org.apache.maven.surefire.booter.SurefireStarter.runSuitesInProcessWhenForked(SurefireStarter.java:107)
	at org.apache.maven.surefire.booter.ForkedBooter.main(ForkedBooter.java:68)
Caused by: Exception [EclipseLink-4002] (Eclipse Persistence Services - 2.5.2.v20140319-9ad6abd): org.eclipse.persistence.exceptions.DatabaseException
Internal Exception: com.mysql.cj.jdbc.exceptions.MySQLTransactionRollbackException: Lock wait timeout exceeded; try restarting transaction
Error Code: 1205
Call: DELETE FROM USER
Query: DeleteAllQuery(referenceClass=User sql=&quot;DELETE FROM USER&quot;)
	at org.eclipse.persistence.exceptions.DatabaseException.sqlException(DatabaseException.java:331)
	at org.eclipse.persistence.internal.databaseaccess.DatabaseAccessor.executeDirectNoSelect(DatabaseAccessor.java:900)
	at org.eclipse.persistence.internal.databaseaccess.DatabaseAccessor.executeNoSelect(DatabaseAccessor.java:962)
	at org.eclipse.persistence.internal.databaseaccess.DatabaseAccessor.basicExecuteCall(DatabaseAccessor.java:631)
	at org.eclipse.persistence.internal.databaseaccess.DatabaseAccessor.executeCall(DatabaseAccessor.java:558)
	at org.eclipse.persistence.internal.sessions.AbstractSession.basicExecuteCall(AbstractSession.java:2002)
	at org.eclipse.persistence.sessions.server.ClientSession.executeCall(ClientSession.java:298)
	at org.eclipse.persistence.internal.queries.DatasourceCallQueryMechanism.executeCall(DatasourceCallQueryMechanism.java:242)
	at org.eclipse.persistence.internal.queries.DatasourceCallQueryMechanism.executeCall(DatasourceCallQueryMechanism.java:228)
	at org.eclipse.persistence.internal.queries.DatasourceCallQueryMechanism.deleteAll(DatasourceCallQueryMechanism.java:127)
	at org.eclipse.persistence.queries.DeleteAllQuery.executeDatabaseQuery(DeleteAllQuery.java:201)
	at org.eclipse.persistence.queries.DatabaseQuery.execute(DatabaseQuery.java:899)
	at org.eclipse.persistence.queries.DatabaseQuery.executeInUnitOfWork(DatabaseQuery.java:798)
	at org.eclipse.persistence.queries.ModifyAllQuery.executeInUnitOfWork(ModifyAllQuery.java:148)
	at org.eclipse.persistence.queries.DeleteAllQuery.executeInUnitOfWork(DeleteAllQuery.java:124)
	at org.eclipse.persistence.internal.sessions.UnitOfWorkImpl.internalExecuteQuery(UnitOfWorkImpl.java:2896)
	at org.eclipse.persistence.internal.sessions.AbstractSession.executeQuery(AbstractSession.java:1804)
	at org.eclipse.persistence.internal.sessions.AbstractSession.executeQuery(AbstractSession.java:1786)
	at org.eclipse.persistence.internal.sessions.AbstractSession.executeQuery(AbstractSession.java:1751)
	at org.eclipse.persistence.internal.jpa.QueryImpl.executeUpdate(QueryImpl.java:298)
	... 32 more
Caused by: com.mysql.cj.jdbc.exceptions.MySQLTransactionRollbackException: Lock wait timeout exceeded; try restarting transaction
	at com.mysql.cj.jdbc.exceptions.SQLError.createSQLException(SQLError.java:539)
	at com.mysql.cj.jdbc.exceptions.SQLError.createSQLException(SQLError.java:513)
	at com.mysql.cj.jdbc.exceptions.SQLExceptionsMapping.translateException(SQLExceptionsMapping.java:115)
	at com.mysql.cj.jdbc.ConnectionImpl.execSQL(ConnectionImpl.java:1983)
	at com.mysql.cj.jdbc.PreparedStatement.executeInternal(PreparedStatement.java:1826)
	at com.mysql.cj.jdbc.PreparedStatement.executeUpdateInternal(PreparedStatement.java:2034)
	at com.mysql.cj.jdbc.PreparedStatement.executeUpdateInternal(PreparedStatement.java:1970)
	at com.mysql.cj.jdbc.PreparedStatement.executeLargeUpdate(PreparedStatement.java:5001)
	at com.mysql.cj.jdbc.PreparedStatement.executeUpdate(PreparedStatement.java:1955)
	at org.eclipse.persistence.internal.databaseaccess.DatabaseAccessor.executeDirectNoSelect(DatabaseAccessor.java:890)
	... 50 more
</error>
    <system-out>[EL Config]: connection: 2017-05-30 10:01:16.595--ServerSession(1250391581)--Connection(470187021)--Thread(Thread[main,5,main])--connecting(DatabaseLogin(
	platform=&gt;MySQLPlatform
	user name=&gt; &quot;fontys&quot;
	datasource URL=&gt; &quot;jdbc:mysql://localhost:3306/fontys?serverTimezone=UTC&quot;
))
[EL Config]: connection: 2017-05-30 10:01:16.611--ServerSession(1250391581)--Connection(962969081)--Thread(Thread[main,5,main])--Connected: jdbc:mysql://localhost:3306/fontys?serverTimezone=UTC
	User: fontys@localhost
	Database: MySQL  Version: 5.7.18-log
	Driver: MySQL Connector Java  Version: mysql-connector-java-6.0.6 ( Revision: 3dab84f4d9bede3cdd14d57b99e9e98a02a5b97d )
[EL Fine]: sql: 2017-05-30 10:01:16.611--ClientSession(1007550632)--Connection(962969081)--Thread(Thread[main,5,main])--DELETE FROM USER
[EL Fine]: sql: 2017-05-30 10:02:07.114--ClientSession(1007550632)--Thread(Thread[main,5,main])--SELECT 1
[EL Warning]: 2017-05-30 10:02:07.114--UnitOfWork(1825656946)--Thread(Thread[main,5,main])--Exception [EclipseLink-4002] (Eclipse Persistence Services - 2.5.2.v20140319-9ad6abd): org.eclipse.persistence.exceptions.DatabaseException
Internal Exception: com.mysql.cj.jdbc.exceptions.MySQLTransactionRollbackException: Lock wait timeout exceeded; try restarting transaction
Error Code: 1205
Call: DELETE FROM USER
Query: DeleteAllQuery(referenceClass=User sql=&quot;DELETE FROM USER&quot;)
</system-out>
    <system-err>Tue May 30 10:01:16 CEST 2017 WARN: Establishing SSL connection without server&apos;s identity verification is not recommended. According to MySQL 5.5.45+, 5.6.26+ and 5.7.6+ requirements SSL connection must be established by default if explicit option isn&apos;t set. For compliance with existing applications not using SSL the verifyServerCertificate property is set to &apos;false&apos;. You need either to explicitly disable SSL by setting useSSL=false, or set useSSL=true and provide truststore for server certificate verification.
</system-err>
  </testcase>
  <testcase classname="auction.service.JPAAuctionMgrTest" name="findItemByDescription" time="51.455">
    <error message="Exception [EclipseLink-4002] (Eclipse Persistence Services - 2.5.2.v20140319-9ad6abd): org.eclipse.persistence.exceptions.DatabaseException
Internal Exception: com.mysql.cj.jdbc.exceptions.MySQLTransactionRollbackException: Lock wait timeout exceeded; try restarting transaction
Error Code: 1205
Call: DELETE FROM USER
Query: DeleteAllQuery(referenceClass=User sql=&quot;DELETE FROM USER&quot;)" type="javax.persistence.PersistenceException">javax.persistence.PersistenceException: Exception [EclipseLink-4002] (Eclipse Persistence Services - 2.5.2.v20140319-9ad6abd): org.eclipse.persistence.exceptions.DatabaseException
Internal Exception: com.mysql.cj.jdbc.exceptions.MySQLTransactionRollbackException: Lock wait timeout exceeded; try restarting transaction
Error Code: 1205
Call: DELETE FROM USER
Query: DeleteAllQuery(referenceClass=User sql=&quot;DELETE FROM USER&quot;)
	at org.eclipse.persistence.internal.jpa.QueryImpl.executeUpdate(QueryImpl.java:308)
	at util.DatabaseCleaner.deleteEntities(DatabaseCleaner.java:45)
	at util.DatabaseCleaner.clean(DatabaseCleaner.java:38)
	at auction.service.JPAAuctionMgrTest.setUp(JPAAuctionMgrTest.java:29)
	at sun.reflect.NativeMethodAccessorImpl.invoke0(Native Method)
	at sun.reflect.NativeMethodAccessorImpl.invoke(NativeMethodAccessorImpl.java:62)
	at sun.reflect.DelegatingMethodAccessorImpl.invoke(DelegatingMethodAccessorImpl.java:43)
	at java.lang.reflect.Method.invoke(Method.java:498)
	at org.junit.runners.model.FrameworkMethod$1.runReflectiveCall(FrameworkMethod.java:50)
	at org.junit.internal.runners.model.ReflectiveCallable.run(ReflectiveCallable.java:12)
	at org.junit.runners.model.FrameworkMethod.invokeExplosively(FrameworkMethod.java:47)
	at org.junit.internal.runners.statements.RunBefores.evaluate(RunBefores.java:24)
	at org.junit.runners.ParentRunner.runLeaf(ParentRunner.java:325)
	at org.junit.runners.BlockJUnit4ClassRunner.runChild(BlockJUnit4ClassRunner.java:78)
	at org.junit.runners.BlockJUnit4ClassRunner.runChild(BlockJUnit4ClassRunner.java:57)
	at org.junit.runners.ParentRunner$3.run(ParentRunner.java:290)
	at org.junit.runners.ParentRunner$1.schedule(ParentRunner.java:71)
	at org.junit.runners.ParentRunner.runChildren(ParentRunner.java:288)
	at org.junit.runners.ParentRunner.access$000(ParentRunner.java:58)
	at org.junit.runners.ParentRunner$2.evaluate(ParentRunner.java:268)
	at org.junit.runners.ParentRunner.run(ParentRunner.java:363)
	at org.apache.maven.surefire.junit4.JUnit4TestSet.execute(JUnit4TestSet.java:53)
	at org.apache.maven.surefire.junit4.JUnit4Provider.executeTestSet(JUnit4Provider.java:123)
	at org.apache.maven.surefire.junit4.JUnit4Provider.invoke(JUnit4Provider.java:104)
	at sun.reflect.NativeMethodAccessorImpl.invoke0(Native Method)
	at sun.reflect.NativeMethodAccessorImpl.invoke(NativeMethodAccessorImpl.java:62)
	at sun.reflect.DelegatingMethodAccessorImpl.invoke(DelegatingMethodAccessorImpl.java:43)
	at java.lang.reflect.Method.invoke(Method.java:498)
	at org.apache.maven.surefire.util.ReflectionUtils.invokeMethodWithArray(ReflectionUtils.java:164)
	at org.apache.maven.surefire.booter.ProviderFactory$ProviderProxy.invoke(ProviderFactory.java:110)
	at org.apache.maven.surefire.booter.SurefireStarter.invokeProvider(SurefireStarter.java:175)
	at org.apache.maven.surefire.booter.SurefireStarter.runSuitesInProcessWhenForked(SurefireStarter.java:107)
	at org.apache.maven.surefire.booter.ForkedBooter.main(ForkedBooter.java:68)
Caused by: Exception [EclipseLink-4002] (Eclipse Persistence Services - 2.5.2.v20140319-9ad6abd): org.eclipse.persistence.exceptions.DatabaseException
Internal Exception: com.mysql.cj.jdbc.exceptions.MySQLTransactionRollbackException: Lock wait timeout exceeded; try restarting transaction
Error Code: 1205
Call: DELETE FROM USER
Query: DeleteAllQuery(referenceClass=User sql=&quot;DELETE FROM USER&quot;)
	at org.eclipse.persistence.exceptions.DatabaseException.sqlException(DatabaseException.java:331)
	at org.eclipse.persistence.internal.databaseaccess.DatabaseAccessor.executeDirectNoSelect(DatabaseAccessor.java:900)
	at org.eclipse.persistence.internal.databaseaccess.DatabaseAccessor.executeNoSelect(DatabaseAccessor.java:962)
	at org.eclipse.persistence.internal.databaseaccess.DatabaseAccessor.basicExecuteCall(DatabaseAccessor.java:631)
	at org.eclipse.persistence.internal.databaseaccess.DatabaseAccessor.executeCall(DatabaseAccessor.java:558)
	at org.eclipse.persistence.internal.sessions.AbstractSession.basicExecuteCall(AbstractSession.java:2002)
	at org.eclipse.persistence.sessions.server.ClientSession.executeCall(ClientSession.java:298)
	at org.eclipse.persistence.internal.queries.DatasourceCallQueryMechanism.executeCall(DatasourceCallQueryMechanism.java:242)
	at org.eclipse.persistence.internal.queries.DatasourceCallQueryMechanism.executeCall(DatasourceCallQueryMechanism.java:228)
	at org.eclipse.persistence.internal.queries.DatasourceCallQueryMechanism.deleteAll(DatasourceCallQueryMechanism.java:127)
	at org.eclipse.persistence.queries.DeleteAllQuery.executeDatabaseQuery(DeleteAllQuery.java:201)
	at org.eclipse.persistence.queries.DatabaseQuery.execute(DatabaseQuery.java:899)
	at org.eclipse.persistence.queries.DatabaseQuery.executeInUnitOfWork(DatabaseQuery.java:798)
	at org.eclipse.persistence.queries.ModifyAllQuery.executeInUnitOfWork(ModifyAllQuery.java:148)
	at org.eclipse.persistence.queries.DeleteAllQuery.executeInUnitOfWork(DeleteAllQuery.java:124)
	at org.eclipse.persistence.internal.sessions.UnitOfWorkImpl.internalExecuteQuery(UnitOfWorkImpl.java:2896)
	at org.eclipse.persistence.internal.sessions.AbstractSession.executeQuery(AbstractSession.java:1804)
	at org.eclipse.persistence.internal.sessions.AbstractSession.executeQuery(AbstractSession.java:1786)
	at org.eclipse.persistence.internal.sessions.AbstractSession.executeQuery(AbstractSession.java:1751)
	at org.eclipse.persistence.internal.jpa.QueryImpl.executeUpdate(QueryImpl.java:298)
	... 32 more
Caused by: com.mysql.cj.jdbc.exceptions.MySQLTransactionRollbackException: Lock wait timeout exceeded; try restarting transaction
	at com.mysql.cj.jdbc.exceptions.SQLError.createSQLException(SQLError.java:539)
	at com.mysql.cj.jdbc.exceptions.SQLError.createSQLException(SQLError.java:513)
	at com.mysql.cj.jdbc.exceptions.SQLExceptionsMapping.translateException(SQLExceptionsMapping.java:115)
	at com.mysql.cj.jdbc.ConnectionImpl.execSQL(ConnectionImpl.java:1983)
	at com.mysql.cj.jdbc.PreparedStatement.executeInternal(PreparedStatement.java:1826)
	at com.mysql.cj.jdbc.PreparedStatement.executeUpdateInternal(PreparedStatement.java:2034)
	at com.mysql.cj.jdbc.PreparedStatement.executeUpdateInternal(PreparedStatement.java:1970)
	at com.mysql.cj.jdbc.PreparedStatement.executeLargeUpdate(PreparedStatement.java:5001)
	at com.mysql.cj.jdbc.PreparedStatement.executeUpdate(PreparedStatement.java:1955)
	at org.eclipse.persistence.internal.databaseaccess.DatabaseAccessor.executeDirectNoSelect(DatabaseAccessor.java:890)
	... 50 more
</error>
    <system-out>[EL Config]: connection: 2017-05-30 10:02:07.13--ServerSession(1250391581)--Connection(2038484780)--Thread(Thread[main,5,main])--connecting(DatabaseLogin(
	platform=&gt;MySQLPlatform
	user name=&gt; &quot;fontys&quot;
	datasource URL=&gt; &quot;jdbc:mysql://localhost:3306/fontys?serverTimezone=UTC&quot;
))
[EL Config]: connection: 2017-05-30 10:02:07.13--ServerSession(1250391581)--Connection(693083472)--Thread(Thread[main,5,main])--Connected: jdbc:mysql://localhost:3306/fontys?serverTimezone=UTC
	User: fontys@localhost
	Database: MySQL  Version: 5.7.18-log
	Driver: MySQL Connector Java  Version: mysql-connector-java-6.0.6 ( Revision: 3dab84f4d9bede3cdd14d57b99e9e98a02a5b97d )
[EL Fine]: sql: 2017-05-30 10:02:07.13--ClientSession(658781536)--Connection(693083472)--Thread(Thread[main,5,main])--DELETE FROM USER
[EL Fine]: sql: 2017-05-30 10:02:58.569--ClientSession(658781536)--Thread(Thread[main,5,main])--SELECT 1
[EL Warning]: 2017-05-30 10:02:58.569--UnitOfWork(629321967)--Thread(Thread[main,5,main])--Exception [EclipseLink-4002] (Eclipse Persistence Services - 2.5.2.v20140319-9ad6abd): org.eclipse.persistence.exceptions.DatabaseException
Internal Exception: com.mysql.cj.jdbc.exceptions.MySQLTransactionRollbackException: Lock wait timeout exceeded; try restarting transaction
Error Code: 1205
Call: DELETE FROM USER
Query: DeleteAllQuery(referenceClass=User sql=&quot;DELETE FROM USER&quot;)
</system-out>
    <system-err>Tue May 30 10:02:07 CEST 2017 WARN: Establishing SSL connection without server&apos;s identity verification is not recommended. According to MySQL 5.5.45+, 5.6.26+ and 5.7.6+ requirements SSL connection must be established by default if explicit option isn&apos;t set. For compliance with existing applications not using SSL the verifyServerCertificate property is set to &apos;false&apos;. You need either to explicitly disable SSL by setting useSSL=false, or set useSSL=true and provide truststore for server certificate verification.
</system-err>
  </testcase>
</testsuite>